0   -4.045536832208197
0   4.045536832208198
1   -4.045445593541761
1   4.045445593541762
2   -4.045171887821696
2   4.045171887821695
3   -4.044715745887055
3   4.044715745887056
4   -4.044077219140759
4   4.044077219140757
5   -4.043256379556298
5   4.043256379556297
6   -4.042253319687187
6   4.042253319687187
7   -4.041068152679084
7   4.041068152679083
8   -4.039701012284655
8   4.039701012284654
9   -4.038152052881168
9   4.038152052881168
10   -4.036421449490834
10   4.036421449490834
11   -4.034509397803916
11   4.034509397803917
12   -4.032416114204642
12   4.032416114204642
13   -4.030141835799917
13   4.030141835799917
14   -4.027686820450885
14   4.027686820450886
15   -4.0250513468073725
15   4.025051346807373
16   -4.022235714345213
16   4.022235714345213
17   -4.019240243406531
17   4.019240243406532
18   -4.016065275242995
18   4.016065275242996
19   -4.012711172062076
19   4.012711172062077
20   -4.009178317076386
20   4.009178317076386
21   -4.005467114556096
21   4.005467114556096
22   -4.0015779898845265
22   4.0015779898845265
23   -3.9975113896169328
23   3.997511389616934
24   -3.9932677815425452
24   3.9932677815425466
25   -3.988847654749926
25   3.988847654749925
26   -3.9842515196957002
26   3.984251519695701
27   -3.9794799082767254
27   3.9794799082767254
28   -3.9745333739057536
28   3.9745333739057536
29   -3.9694124915906706
29   3.9694124915906714
30   -3.9641178580173806
30   3.9641178580173806
31   -3.958650091636387
31   3.9586500916363874
32   -3.953009832753194
32   3.9530098327531946
33   -3.9471977436225556
33   3.9471977436225556
34   -3.941214508546696
34   3.9412145085466963
35   -3.9350608339775768
35   3.935060833977575
36   -3.9287374486232807
36   3.92873744862328
37   -3.9222451035586428
37   3.922245103558642
38   -3.915584572340194
38   3.915584572340192
39   -3.9087566511255254
39   3.908756651125525
40   -3.9017621587971894
40   3.9017621587971867
41   -3.894601937091217
41   3.8946019370912177
42   -3.8872768507304034
42   3.887276850730402
43   -3.879787787562413
43   3.879787787562412
44   -3.872135658702887
44   3.872135658702886
45   -3.8643213986836242
45   3.864321398683624
46   -3.8563459656059864
46   3.8563459656059864
47   -3.8482103412996347
47   3.848210341299634
48   -3.839915531486743
48   3.839915531486742
49   -3.831462565951812
49   3.83146256595181
50   -3.822852498717225
50   3.8228524987172254
51   -3.8140864082246893
51   3.8140864082246875
52   -3.805165397522683
52   3.8051653975226833
53   -3.796090594460101
53   3.7960905944600998
54   -3.7868631518861884
54   3.7868631518861893
55   -3.777484247856976
55   3.777484247856977
56   -3.7679550858483237
56   3.767955085848322
57   -3.7582768949757615
57   3.758276894975762
58   -3.748450930221284
58   3.748450930221283
59   -3.7384784726672464
59   3.7384784726672473
60   -3.7283608297375626
60   3.7283608297375617
61   -3.7180993354463325
61   3.718099335446332
62   -3.7076953506541193
62   3.7076953506541184
63   -3.6971502633320057
63   3.697150263332004
64   -3.686465488833636
64   3.686465488833637
65   -3.675642470175421
65   3.675642470175422
66   -3.66468267832506
66   3.6646826783250583
67   -3.653587612498587
67   3.653587612498587
68   -3.6423588004661296
68   3.6423588004661305
69   -3.6309977988665234
69   3.6309977988665247
70   -3.61950619353101
70   3.619506193531011
71   -3.607885599816173
71   3.6078855998161714
72   -3.5961376629462967
72   3.596137662946297
73   -3.584264058365357
73   3.5842640583653567
74   -3.5722664920987706
74   3.5722664920987697
75   -3.5601467011251255
75   3.5601467011251238
76   -3.5479064537580474
76   3.5479064537580465
77   -3.535547550038369
77   3.5355475500383697
78   -3.52307182213678
78   3.523071822136777
79   -3.5104811347670832
79   3.5104811347670815
80   -3.4977773856102754
80   3.497777385610274
81   -3.484962505749521
81   3.48496250574952
82   -3.4720384601162086
82   3.4720384601162086
83   -3.4590072479472003
83   3.4590072479472007
84   -3.4458709032533843
84   3.445870903253385
85   -3.43263149529965
85   3.432631495299649
86   -3.419291129096349
86   3.4192911290963477
87   -3.4058519459023557
87   3.4058519459023535
88   -3.392316123739736
88   3.3923161237397355
89   -3.378685877920109
89   3.378685877920107
90   -3.3649634615826702
90   3.364963461582671
91   -3.3511511662439224
91   3.3511511662439224
92   -3.3372513223590214
92   3.3372513223590206
93   -3.323266299894729
93   3.323266299894728
94   -3.309198508913849
94   3.3091985089138487
95   -3.295050400171027
95   3.295050400171026
96   -3.2808244657197543
96   3.2808244657197547
97   -3.2665232395303745
97   3.266523239530374
98   -3.252149298118834
98   3.252149298118834
99   -3.2377052611858996
99   3.2377052611859014
100   -3.22319379226649
100   3.223193792266491
101   -3.208617599388708
101   3.2086175993887065
102   -3.193979435742137
102   3.193979435742137
103   -3.1792821003548704
103   3.1792821003548717
104   -3.1645284387786594
104   3.1645284387786594
105   -3.1497213437815335
105   3.149721343781532
106   -3.134863756047144
106   3.134863756047144
107   -3.1199586648799844
107   3.1199586648799844
108   -3.1050091089155645
108   3.105009108915563
109   -3.090018176834515
109   3.0900181768345156
110   -3.0749890080795055
110   3.0749890080795055
111   -3.0599247935736997
111   3.0599247935736984
112   -3.044828776439421
112   3.044828776439422
113   -3.029704252715531
113   3.02970425271553
114   -3.014554572071872
114   3.014554572071871
115   -2.9993831385190504
115   2.9993831385190477
116   -2.9841934111115958
116   2.984193411111595
117   -2.9689889046424662
117   2.9689889046424645
118   -2.9537731903265927
118   2.9537731903265927
119   -2.9385498964711
119   2.9385498964710983
120   -2.92332270912953
120   2.92332270912953
121   -2.908095372737308
121   2.908095372737308
122   -2.8928716907253875
122   2.8928716907253875
123   -2.877655526108877
123   2.8776555261088745
124   -2.862450802047153
124   2.862450802047153
125   -2.8472615023718095
125   2.84726150237181
126   -2.8320916720784464
126   2.8320916720784464
127   -2.816945417778151
127   2.816945417778152
128   -2.8018269081042013
128   2.8018269081042027
129   -2.786740374069259
129   2.7867403740692587
130   -2.771690109368059
130   2.7716901093680564
131   -2.7566804706203145
131   2.756680470620315
132   -2.741715877548268
132   2.741715877548267
133   -2.7268008130829866
133   2.7268008130829866
134   -2.7119398233932994
134   2.7119398233932994
135   -2.6971375178308614
135   2.6971375178308623
136   -2.6823985687846266
136   2.682398568784625
137   -2.667727711437637
137   2.6677277114376365
138   -2.6531297434188454
138   2.6531297434188454
139   -2.6386095243422814
139   2.6386095243422805
140   -2.6241719752257042
140   2.6241719752257042
141   -2.609822077780584
141   2.609822077780583
142   -2.595564873564985
142   2.595564873564985
143   -2.581405462990767
143   2.581405462990765
144   -2.567349004176238
144   2.567349004176237
145   -2.5534007116353266
145   2.5534007116353274
146   -2.5395658547940956
146   2.5395658547940965
147   -2.525849756325409
147   2.5258497563254094
148   -2.512257790292473
148   2.512257790292473
149   -2.4987953800919733
149   2.4987953800919724
150   -2.4854679961875874
150   2.4854679961875874
151   -2.472281153624772
151   2.47228115362477
152   -2.4592404093178795
152   2.4592404093178795
153   -2.4463513591009773
153   2.4463513591009747
154   -2.4336196345339767
154   2.433619634533977
155   -2.4210508994562403
155   2.42105089945624
156   -2.4086508462801985
156   2.4086508462801977
157   -2.3964251920182638
157   2.396425192018264
158   -2.3843796740369583
158   2.3843796740369587
159   -2.3725200455330206
159   2.3725200455330206
160   -2.3608520707272316
160   2.360852070727232
161   -2.3493815197727264
161   2.349381519772727
162   -2.3381141633757414
162   2.3381141633757414
163   -2.3270557671280727
163   2.3270557671280714
164   -2.316212085551917
164   2.316212085551917
165   -2.305588855859348
165   2.305588855859347
166   -2.2951917914302875
166   2.2951917914302866
167   -2.2850265750146894
167   2.285026575014689
168   -2.2750988516664687
168   2.2750988516664674
169   -2.265414221418729
169   2.2654142214187303
170   -2.255978231711943
170   2.255978231711943
171   -2.246796369588803
171   2.2467963695888034
172   -2.2378740536718174
172   2.237874053671818
173   -2.229216625941838
173   2.2292166259418376
174   -2.220829343338094
174   2.2208293433380932
175   -2.212717369202565
175   2.212717369202564
176   -2.2048857645937874
176   2.204885764593788
177   -2.1973394794974204
177   2.197339479497421
178   -2.1900833439630683
178   2.1900833439630683
179   -2.183122059198885
179   2.183122059198885
180   -2.1764601886574377
180   2.1764601886574377
181   -2.1701021491480494
181   2.1701021491480503
182   -2.164052202012436
182   2.1640522020124346
183   -2.1583144444017908
183   2.15831444440179
184   -2.152892800694631
184   2.152892800694629
185   -2.147791014095474
185   2.1477910140954743
186   -2.143012638455059
186   2.1430126384550587
187   -2.138561030352938
187   2.138561030352939
188   -2.1344393414832536
188   2.1344393414832514
189   -2.130650511383939
189   2.1306505113839376
190   -2.1271972605488543
190   2.1271972605488547
191   -2.124082083961043
191   2.124082083961044
192   -2.121307245083824
192   2.1213072450838233
193   -2.1188747703444255
193   2.1188747703444255
194   -2.1167864441426048
194   2.1167864441426043
195   -2.1150438044140207
195   2.1150438044140203
196   -2.1136481387752175
196   2.1136481387752184
197   -2.1126004812737866
197   2.1126004812737875
198   -2.1119016097637835
198   2.111901609763785
199   -2.111552043922752
199   2.1115520439227518
200   -2.111552043922751
200   2.111552043922752
201   -2.111901609763785
201   2.1119016097637844
202   -2.1126004812737866
202   2.1126004812737866
203   -2.1136481387752175
203   2.1136481387752184
204   -2.1150438044140207
204   2.1150438044140203
205   -2.1167864441426048
205   2.116786444142604
206   -2.1188747703444255
206   2.118874770344425
207   -2.121307245083824
207   2.1213072450838233
208   -2.124082083961043
208   2.124082083961044
209   -2.127197260548855
209   2.1271972605488543
210   -2.130650511383939
210   2.1306505113839376
211   -2.134439341483252
211   2.1344393414832523
212   -2.138561030352938
212   2.1385610303529385
213   -2.14301263845506
213   2.1430126384550583
214   -2.147791014095474
214   2.1477910140954743
215   -2.1528928006946293
215   2.1528928006946297
216   -2.1583144444017908
216   2.1583144444017894
217   -2.164052202012435
217   2.164052202012434
218   -2.1701021491480494
218   2.17010214914805
219   -2.1764601886574377
219   2.1764601886574377
220   -2.183122059198884
220   2.1831220591988854
221   -2.190083343963069
221   2.190083343963068
222   -2.197339479497421
222   2.197339479497421
223   -2.2048857645937874
223   2.204885764593788
224   -2.212717369202564
224   2.2127173692025646
225   -2.2208293433380923
225   2.2208293433380932
226   -2.229216625941837
226   2.2292166259418376
227   -2.237874053671818
227   2.2378740536718182
228   -2.246796369588803
228   2.246796369588803
229   -2.255978231711942
229   2.255978231711942
230   -2.2654142214187294
230   2.26541422141873
231   -2.275098851666467
231   2.2750988516664683
232   -2.2850265750146894
232   2.285026575014689
233   -2.2951917914302866
233   2.295191791430286
234   -2.3055888558593463
234   2.305588855859347
235   -2.316212085551917
235   2.316212085551917
236   -2.327055767128071
236   2.3270557671280714
237   -2.3381141633757405
237   2.3381141633757405
238   -2.3493815197727264
238   2.349381519772726
239   -2.3608520707272316
239   2.3608520707272316
240   -2.3725200455330215
240   2.3725200455330193
241   -2.384379674036958
241   2.384379674036958
242   -2.396425192018264
242   2.3964251920182633
243   -2.4086508462801977
243   2.408650846280198
244   -2.421050899456241
244   2.4210508994562385
245   -2.4336196345339767
245   2.433619634533976
246   -2.4463513591009756
246   2.4463513591009756
247   -2.4592404093178795
247   2.4592404093178795
248   -2.4722811536247695
248   2.4722811536247704
249   -2.4854679961875874
249   2.4854679961875865
250   -2.4987953800919716
250   2.4987953800919733
251   -2.5122577902924728
251   2.512257790292473
252   -2.5258497563254085
252   2.5258497563254085
253   -2.5395658547940956
253   2.539565854794095
254   -2.5534007116353274
254   2.5534007116353257
255   -2.567349004176236
255   2.567349004176238
256   -2.581405462990766
256   2.581405462990765
257   -2.5955648735649843
257   2.595564873564984
258   -2.609822077780583
258   2.609822077780583
259   -2.6241719752257033
259   2.6241719752257033
260   -2.6386095243422805
260   2.63860952434228
261   -2.6531297434188446
261   2.653129743418845
262   -2.667727711437636
262   2.667727711437637
263   -2.6823985687846257
263   2.682398568784625
264   -2.6971375178308614
264   2.6971375178308623
265   -2.7119398233932985
265   2.7119398233932994
266   -2.7268008130829857
266   2.7268008130829857
267   -2.741715877548268
267   2.7417158775482675
268   -2.7566804706203145
268   2.7566804706203136
269   -2.7716901093680573
269   2.7716901093680564
270   -2.786740374069259
270   2.7867403740692582
271   -2.8018269081042035
271   2.8018269081042013
272   -2.816945417778151
272   2.8169454177781517
273   -2.8320916720784464
273   2.8320916720784455
274   -2.8472615023718086
274   2.8472615023718095
275   -2.862450802047154
275   2.8624508020471526
276   -2.8776555261088745
276   2.877655526108875
277   -2.8928716907253875
277   2.892871690725386
278   -2.908095372737307
278   2.908095372737308
279   -2.923322709129529
279   2.9233227091295304
280   -2.9385498964710983
280   2.938549896471099
281   -2.9537731903265927
281   2.953773190326592
282   -2.9689889046424645
282   2.9689889046424653
283   -2.9841934111115958
283   2.984193411111595
284   -2.9993831385190486
284   2.9993831385190486
285   -3.014554572071871
285   3.01455457207187
286   -3.02970425271553
286   3.0297042527155305
287   -3.044828776439421
287   3.04482877643942
288   -3.0599247935736997
288   3.059924793573698
289   -3.0749890080795055
289   3.0749890080795046
290   -3.0900181768345147
290   3.0900181768345147
291   -3.1050091089155636
291   3.1050091089155636
292   -3.1199586648799844
292   3.1199586648799835
293   -3.1348637560471424
293   3.1348637560471433
294   -3.1497213437815326
294   3.1497213437815326
295   -3.1645284387786594
295   3.16452843877866
296   -3.179282100354871
296   3.1792821003548704
297   -3.193979435742136
297   3.1939794357421363
298   -3.208617599388708
298   3.2086175993887065
299   -3.223193792266491
299   3.2231937922664895
300   -3.2377052611859
300   3.2377052611859005
301   -3.252149298118834
301   3.2521492981188334
302   -3.2665232395303736
302   3.266523239530374
303   -3.2808244657197543
303   3.2808244657197547
304   -3.295050400171026
304   3.295050400171026
305   -3.3091985089138474
305   3.309198508913848
306   -3.323266299894729
306   3.323266299894728
307   -3.3372513223590214
307   3.3372513223590206
308   -3.3511511662439224
308   3.3511511662439224
309   -3.3649634615826702
309   3.3649634615826702
310   -3.378685877920109
310   3.3786858779201068
311   -3.392316123739735
311   3.392316123739737
312   -3.405851945902354
312   3.405851945902353
313   -3.419291129096348
313   3.4192911290963477
314   -3.43263149529965
314   3.432631495299649
315   -3.445870903253386
315   3.4458709032533843
316   -3.4590072479472003
316   3.4590072479472003
317   -3.4720384601162086
317   3.4720384601162073
318   -3.484962505749521
318   3.484962505749519
319   -3.4977773856102754
319   3.497777385610274
320   -3.5104811347670832
320   3.5104811347670815
321   -3.523071822136777
321   3.523071822136777
322   -3.5355475500383697
322   3.535547550038369
323   -3.5479064537580465
323   3.547906453758046
324   -3.5601467011251238
324   3.5601467011251238
325   -3.572266492098769
325   3.5722664920987692
326   -3.584264058365357
326   3.584264058365356
327   -3.5961376629462967
327   3.596137662946296
328   -3.6078855998161714
328   3.6078855998161714
329   -3.61950619353101
329   3.61950619353101
330   -3.630997798866524
330   3.6309977988665243
331   -3.6423588004661305
331   3.6423588004661296
332   -3.653587612498586
332   3.653587612498587
333   -3.6646826783250583
333   3.6646826783250575
334   -3.6756424701754207
334   3.675642470175421
335   -3.686465488833636
335   3.686465488833635
336   -3.697150263332005
336   3.697150263332004
337   -3.7076953506541184
337   3.7076953506541184
338   -3.7180993354463334
338   3.7180993354463316
339   -3.7283608297375617
339   3.7283608297375617
340   -3.7384784726672464
340   3.7384784726672455
341   -3.7484509302212823
341   3.748450930221283
342   -3.7582768949757623
342   3.7582768949757615
343   -3.7679550858483237
343   3.767955085848322
344   -3.777484247856976
344   3.777484247856976
345   -3.7868631518861884
345   3.7868631518861875
346   -3.796090594460101
346   3.7960905944600998
347   -3.805165397522683
347   3.8051653975226833
348   -3.8140864082246875
348   3.8140864082246866
349   -3.822852498717226
349   3.822852498717223
350   -3.83146256595181
350   3.8314625659518105
351   -3.839915531486742
351   3.839915531486742
352   -3.848210341299634
352   3.8482103412996342
353   -3.8563459656059864
353   3.8563459656059855
354   -3.8643213986836233
354   3.8643213986836225
355   -3.872135658702887
355   3.872135658702886
356   -3.879787787562413
356   3.879787787562412
357   -3.8872768507304025
357   3.8872768507304025
358   -3.894601937091217
358   3.8946019370912177
359   -3.9017621587971894
359   3.9017621587971867
360   -3.9087566511255254
360   3.908756651125524
361   -3.9155845723401925
361   3.915584572340193
362   -3.922245103558642
362   3.922245103558642
363   -3.92873744862328
363   3.928737448623279
364   -3.9350608339775768
364   3.935060833977575
365   -3.9412145085466967
365   3.941214508546695
366   -3.9471977436225556
366   3.947197743622554
367   -3.953009832753194
367   3.9530098327531946
368   -3.958650091636388
368   3.958650091636387
369   -3.9641178580173797
369   3.9641178580173806
370   -3.9694124915906723
370   3.9694124915906714
371   -3.9745333739057536
371   3.9745333739057527
372   -3.9794799082767254
372   3.9794799082767254
373   -3.9842515196957002
373   3.9842515196957007
374   -3.988847654749925
374   3.9888476547499256
375   -3.9932677815425475
375   3.9932677815425452
376   -3.9975113896169328
376   3.997511389616933
377   -4.0015779898845265
377   4.0015779898845265
378   -4.005467114556096
378   4.005467114556096
379   -4.009178317076386
379   4.009178317076386
380   -4.012711172062078
380   4.012711172062076
381   -4.016065275242995
381   4.016065275242996
382   -4.019240243406531
382   4.019240243406532
383   -4.022235714345213
383   4.022235714345213
384   -4.0250513468073725
384   4.025051346807373
385   -4.027686820450885
385   4.027686820450885
386   -4.030141835799917
386   4.030141835799917
387   -4.032416114204642
387   4.032416114204642
388   -4.034509397803916
388   4.034509397803917
389   -4.036421449490834
389   4.036421449490834
390   -4.038152052881167
390   4.038152052881169
391   -4.039701012284655
391   4.039701012284654
392   -4.041068152679084
392   4.041068152679083
393   -4.0422533196871875
393   4.042253319687186
394   -4.043256379556298
394   4.043256379556297
395   -4.044077219140758
395   4.044077219140757
396   -4.044715745887055
396   4.044715745887056
397   -4.045171887821696
397   4.045171887821695
398   -4.045445593541761
398   4.045445593541762
399   -4.045536832208197
399   4.045536832208198
