-4.5     0.022178075009213993
-4.469899665551839     0.024513685170963327
-4.4397993311036785     0.027290660289818462
-4.409698996655519     0.0306352415665796
-4.379598662207358     0.03472396257601182
-4.349498327759197     0.03981028048316664
-4.3193979933110365     0.0462694229334261
-4.289297658862877     0.05467724766298491
-4.259197324414716     0.06595604951070311
-4.229096989966555     0.08166034697829158
-4.198996655518394     0.10457592128269992
-4.168896321070234     0.1400715414970679
-4.138795986622074     0.19935867369618562
-4.108695652173913     0.30726767980119385
-4.078595317725752     0.5119685701807707
-4.048494983277592     0.8102325812141559
-4.018394648829432     0.9536485634554868
-3.988294314381271     0.9016681364163374
-3.9581939799331103     0.8120608296035724
-3.9280936454849495     0.7343626661541519
-3.8979933110367893     0.6725707487722244
-3.867892976588629     0.6234768981573293
-3.8377926421404682     0.5838740597517283
-3.8076923076923075     0.5513550706893088
-3.777591973244147     0.5239851205352319
-3.7474916387959865     0.5003734324786736
-3.717391304347826     0.4804877492255162
-3.6872909698996654     0.46400372247300076
-3.657190635451505     0.44813937629636885
-3.6270903010033444     0.43407421634342047
-3.596989966555184     0.4239347569267286
-3.5668896321070234     0.41165780773179916
-3.5367892976588626     0.402365047945958
-3.5066889632107023     0.39529104072296933
-3.476588628762542     0.3845731794578108
-3.4464882943143813     0.38113615585417543
-3.4163879598662206     0.37134277708200486
-3.3862876254180603     0.36818260268829134
-3.3561872909698995     0.36146936504643823
-3.3260869565217392     0.35690981783259246
-3.2959866220735785     0.35366437258707173
-3.2658862876254178     0.34762436272217745
-3.2357859531772575     0.34725154872633
-3.205685618729097     0.3402495536080459
-3.1755852842809364     0.34198709145855527
-3.1454849498327757     0.33457002452397494
-3.1153846153846154     0.3378004255712272
-3.085284280936455     0.33039674098727273
-3.0551839464882944     0.3346684248465299
-3.0250836120401337     0.32761259546122373
-2.994983277591973     0.33258905268836464
-2.9648829431438126     0.3261611839339083
-2.9347826086956523     0.3315966815471224
-2.9046822742474916     0.32602395178642457
-2.874581939799331     0.3317839514980723
-2.8444816053511706     0.32720925308749477
-2.8143812709030103     0.33331347325528743
-2.7842809364548495     0.3297642775191814
-2.754180602006689     0.3364154745416269
-2.724080267558528     0.33381364544798187
-2.6939799331103678     0.3413747350194338
-2.6638795986622075     0.3396290827649759
-2.6337792642140467     0.3485082114453571
-2.603678929765886     0.3477447904405468
-2.5735785953177257     0.3581345994557418
-2.5434782608695654     0.35912770328410976
-2.5133779264214047     0.37060958593499155
-2.483277591973244     0.3752851245976488
-2.4531772575250836     0.3868135969785779
-2.423076923076923     0.39782989893922266
-2.3929765886287626     0.40977105945774944
-2.362876254180602     0.42763592502317915
-2.3327759197324416     0.4455859230197388
-2.302675585284281     0.4690700960164729
-2.2725752508361206     0.4991120947043984
-2.24247491638796     0.5362518977414251
-2.212374581939799     0.5837071250128049
-2.182274247491639     0.6424042330381997
-2.152173913043478     0.6975035950554084
-2.1220735785953178     0.6689417755329503
-2.091973244147157     0.474322478328609
-2.0618729096989967     0.28443195108619446
-2.031772575250836     0.1788991030899268
-2.0016722408026757     0.12259724071879803
-1.971571906354515     0.09005583808998675
-1.9414715719063547     0.0696363629405112
-1.911371237458194     0.05594065256768667
-1.8812709030100332     0.04626239098918
-1.851170568561873     0.039135679470223776
-1.8210702341137122     0.033711928870402155
-1.7909698996655519     0.029471883129791807
-1.7608695652173911     0.02608276979033362
-1.7307692307692308     0.02332288356874102
-1.70066889632107     0.02103957242597723
-1.6705685618729098     0.01912472443146579
-1.640468227424749     0.017499882838515363
-1.6103678929765888     0.016106888403060505
-1.580267558528428     0.014901815049830019
-1.5501672240802673     0.013850933188265233
-1.520066889632107     0.01292795814693508
-1.4899665551839463     0.012112134421677696
-1.459866220735786     0.011386876237733379
-1.4297658862876252     0.010738786181898448
-1.399665551839465     0.010156935655091851
-1.3695652173913042     0.009632329769811642
-1.339464882943144     0.009157504228415757
-1.3093645484949832     0.008726218001549293
-1.2792642140468224     0.008333216464665474
-1.2491638795986622     0.007974046986437323
-1.2190635451505014     0.007644914004936762
-1.1889632107023411     0.00734256414266363
-1.1588628762541804     0.007064194394789328
-1.12876254180602     0.006807378200946562
-1.0986622073578594     0.006570005495639583
-1.068561872909699     0.0063502337717377556
-1.0384615384615383     0.006146447885302416
-1.008361204013378     0.005957226847238523
-0.9782608695652173     0.005781316236308338
-0.9481605351170566     0.00561760516311668
-0.9180602006688963     0.005465106940241531
-0.8879598662207355     0.00532294278740064
-0.8578595317725752     0.0051903280352765865
-0.8277591973244145     0.005066560396818456
-0.7976588628762542     0.00495100995749537
-0.7675585284280935     0.004843110601317204
-0.7374581939799332     0.004742352641387466
-0.7073578595317724     0.004648276465282265
-0.6772575250836121     0.004560467038924723
-0.6471571906354514     0.004478549139579266
-0.6170568561872907     0.004402183210467977
-0.5869565217391304     0.004331061747347998
-0.5568561872909696     0.004264906141998927
-0.5267558528428093     0.0042034639195859405
-0.4966555183946486     0.004146506316791674
-0.4665551839464879     0.0040938261558441736
-0.436454849498328     0.004045235976426324
-0.4063545150501673     0.004000566393187433
-0.37625418060200655     0.003959664651393146
-0.3461538461538458     0.003922393357310261
-0.3160535117056851     0.0038886293633612007
-0.2859531772575252     0.0038582627910074144
-0.2558528428093645     0.0038311961768203616
-0.22575250836120375     0.003807343729346565
-0.19565217391304301     0.0037866306862290333
-0.16555183946488317     0.00376899276266165
-0.13545150501672243     0.0037543756836683232
-0.10535117056856169     0.0037427347939491882
-0.07525083612040095     0.0037340347401530207
-0.045150501672241106     0.0037282492214434503
-0.015050167224080369     0.0037253608051496883
0.015050167224080369     0.0037253608051496874
0.045150501672241106     0.0037282492214434503
0.07525083612040184     0.0037340347401530207
0.10535117056856169     0.0037427347939491882
0.13545150501672243     0.0037543756836683237
0.16555183946488317     0.0037689927626616514
0.1956521739130439     0.0037866306862290333
0.22575250836120375     0.003807343729346564
0.2558528428093645     0.003831196176820361
0.2859531772575252     0.003858262791007415
0.31605351170568596     0.0038886293633612033
0.3461538461538467     0.003922393357310263
0.37625418060200655     0.003959664651393146
0.4063545150501673     0.004000566393187431
0.436454849498328     0.004045235976426324
0.46655518394648876     0.0040938261558441736
0.4966555183946486     0.004146506316791673
0.5267558528428093     0.004203463919585942
0.5568561872909701     0.004264906141998928
0.5869565217391308     0.004331061747347996
0.6170568561872907     0.004402183210467976
0.6471571906354514     0.0044785491395792675
0.6772575250836121     0.004560467038924723
0.7073578595317729     0.004648276465282268
0.7374581939799336     0.0047423526413874675
0.7675585284280935     0.004843110601317206
0.7976588628762542     0.004951009957495368
0.8277591973244149     0.005066560396818458
0.8578595317725757     0.005190328035276587
0.8879598662207355     0.005322942787400641
0.9180602006688963     0.005465106940241529
0.948160535117057     0.005617605163116683
0.9782608695652177     0.005781316236308341
1.0083612040133785     0.005957226847238525
1.0384615384615383     0.006146447885302415
1.068561872909699     0.006350233771737756
1.0986622073578598     0.006570005495639583
1.1287625418060205     0.0068073782009465626
1.1588628762541804     0.007064194394789331
1.1889632107023411     0.007342564142663635
1.2190635451505019     0.0076449140049367655
1.2491638795986626     0.007974046986437333
1.2792642140468224     0.008333216464665472
1.3093645484949832     0.008726218001549293
1.339464882943144     0.009157504228415757
1.3695652173913047     0.009632329769811647
1.3996655518394654     0.010156935655091858
1.4297658862876252     0.010738786181898448
1.459866220735786     0.011386876237733374
1.4899665551839467     0.012112134421677703
1.5200668896321075     0.012927958146935092
1.5501672240802673     0.013850933188265226
1.580267558528428     0.014901815049830017
1.6103678929765888     0.016106888403060498
1.6404682274247495     0.017499882838515377
1.6705685618729103     0.019124724431465807
1.70066889632107     0.021039572425977215
1.7307692307692308     0.023322883568741005
1.7608695652173916     0.02608276979033366
1.7909698996655523     0.02947188312979184
1.8210702341137122     0.033711928870402114
1.851170568561873     0.039135679470223755
1.8812709030100336     0.04626239098918009
1.9113712374581944     0.05594065256768674
1.941471571906355     0.06963636294051129
1.971571906354515     0.09005583808998653
2.0016722408026757     0.12259724071879761
2.0317725752508364     0.17889910308992713
2.061872909698997     0.2844319510861951
2.091973244147157     0.4743224783286066
2.1220735785953178     0.6689417755329502
2.1521739130434785     0.69750359505541
2.1822742474916392     0.6424042330382006
2.212374581939799     0.5837071250128065
2.24247491638796     0.5362518977414281
2.2725752508361206     0.49911209470440066
2.3026755852842813     0.4690700960164713
2.332775919732442     0.44558592301973676
2.362876254180602     0.4276359250231784
2.3929765886287626     0.40977105945774983
2.4230769230769234     0.39782989893922416
2.453177257525084     0.3868135969785795
2.483277591973244     0.37528512459764823
2.5133779264214047     0.3706095859349906
2.5434782608695654     0.3591277032841082
2.573578595317726     0.3581345994557405
2.603678929765887     0.34774479044054585
2.6337792642140467     0.3485082114453577
2.6638795986622075     0.3396290827649772
2.693979933110368     0.34137473501943394
2.724080267558529     0.33381364544798175
2.754180602006689     0.33641547454162624
2.7842809364548495     0.3297642775191804
2.8143812709030103     0.3333134732552863
2.844481605351171     0.3272092530874936
2.874581939799331     0.33178395149807266
2.9046822742474916     0.32602395178642557
2.9347826086956523     0.33159668154712435
2.964882943143813     0.32616118393391114
2.994983277591974     0.3325890526883659
3.0250836120401337     0.32761259546122484
3.0551839464882944     0.3346684248465298
3.085284280936455     0.33039674098727234
3.115384615384616     0.33780042557122675
3.1454849498327757     0.33457002452397544
3.1755852842809364     0.3419870914585581
3.205685618729097     0.34024955360805
3.235785953177258     0.347251548726328
3.2658862876254187     0.3476243627221742
3.2959866220735785     0.35366437258706773
3.3260869565217392     0.3569098178325895
3.3561872909699     0.3614693650464387
3.3862876254180607     0.3681826026882922
3.4163879598662206     0.37134277708200364
3.4464882943143813     0.3811361558541762
3.476588628762542     0.38457317945781416
3.506688963210703     0.39529104072297266
3.5367892976588635     0.4023650479459614
3.5668896321070243     0.41165780773180016
3.596989966555185     0.42393475692672694
3.627090301003344     0.434074216343416
3.6571906354515047     0.4481393762963673
3.6872909698996654     0.4640037224730005
3.717391304347826     0.4804877492255167
3.747491638795987     0.5003734324786755
3.7775919732441476     0.5239851205352369
3.8076923076923084     0.5513550706893137
3.837792642140469     0.5838740597517303
3.86789297658863     0.6234768981573318
3.897993311036789     0.6725707487722249
3.9280936454849495     0.734362666154151
3.9581939799331103     0.8120608296035704
3.988294314381271     0.9016681364163345
4.018394648829432     0.9536485634554855
4.0484949832775925     0.8102325812141465
4.078595317725753     0.5119685701807596
4.108695652173914     0.3072676798011876
4.138795986622073     0.19935867369618698
4.168896321070234     0.14007154149706727
4.198996655518394     0.10457592128269955
4.229096989966555     0.0816603469782913
4.259197324414716     0.06595604951070294
4.289297658862877     0.05467724766298475
4.319397993311037     0.04626942293342577
4.349498327759198     0.03981028048316642
4.379598662207359     0.03472396257601163
4.409698996655518     0.030635241566579655
4.4397993311036785     0.027290660289818424
4.469899665551839     0.024513685170963296
4.5     0.02217807500921396
